# Logfile created on Mon Sep 01 21:37:33 -0600 2008 by /
Mon Sep 01 21:37:33 -0600 2008:: CallbackNotImplemented:: CallbackNotImplemented
/usr/local/lib/ruby/gems/1.8/gems/rspec-1.1.3/lib/spec/mocks/message_expectation.rb:78:in `invoke'
	/usr/local/lib/ruby/gems/1.8/gems/rspec-1.1.3/lib/spec/mocks/proxy.rb:65:in `message_received'
	/usr/local/lib/ruby/gems/1.8/gems/rspec-1.1.3/lib/spec/mocks/proxy.rb:100:in `on_message'
	./spec/messaging/../../config/../lib/messaging/consumer.rb:25:in `receive'
	./spec/messaging/consumer_spec.rb:22:in `do_process'
	(eval):4:in `during_process'
	./spec/messaging/consumer_spec.rb:33
	/usr/local/lib/ruby/gems/1.8/gems/rspec-1.1.3/lib/spec/example/example_methods.rb:78:in `instance_eval'
	/usr/local/lib/ruby/gems/1.8/gems/rspec-1.1.3/lib/spec/example/example_methods.rb:78:in `run_with_description_capturing'
	/usr/local/lib/ruby/gems/1.8/gems/rspec-1.1.3/lib/spec/example/example_methods.rb:19:in `execute'
	/usr/local/lib/ruby/1.8/timeout.rb:48:in `timeout'
	/usr/local/lib/ruby/gems/1.8/gems/rspec-1.1.3/lib/spec/example/example_methods.rb:16:in `execute'
	/usr/local/lib/ruby/gems/1.8/gems/rspec-1.1.3/lib/spec/example/example_group_methods.rb:292:in `execute_examples'
	/usr/local/lib/ruby/gems/1.8/gems/rspec-1.1.3/lib/spec/example/example_group_methods.rb:291:in `each'
	/usr/local/lib/ruby/gems/1.8/gems/rspec-1.1.3/lib/spec/example/example_group_methods.rb:291:in `execute_examples'
	/usr/local/lib/ruby/gems/1.8/gems/rspec-1.1.3/lib/spec/example/example_group_methods.rb:121:in `run'
	/usr/local/lib/ruby/gems/1.8/gems/rspec-1.1.3/lib/spec/runner/example_group_runner.rb:22:in `run'
	/usr/local/lib/ruby/gems/1.8/gems/rspec-1.1.3/lib/spec/runner/example_group_runner.rb:21:in `each'
	/usr/local/lib/ruby/gems/1.8/gems/rspec-1.1.3/lib/spec/runner/example_group_runner.rb:21:in `run'
	/usr/local/lib/ruby/gems/1.8/gems/rspec-1.1.3/lib/spec/runner/options.rb:90:in `run_examples'
	/usr/local/lib/ruby/gems/1.8/gems/rspec-1.1.3/lib/spec/runner/command_line.rb:19:in `run'
	/usr/local/lib/ruby/gems/1.8/gems/rspec-1.1.3/bin/spec:4
